<?xml version='1.0' encoding='UTF-8'?>
<testsuite hostname="james-Precision-5520" name="funsets.FunSetSuite" tests="9" errors="0" failures="0" skipped="0" time="0.08" timestamp="2020-02-07T14:23:14">
                     <properties>
[...]
</properties>
                     <testcase classname="funsets.FunSetSuite" name="filter returns subset of s for which p holds" time="0.06">
                                                 
                                               </testcase><testcase classname="funsets.FunSetSuite" name="map returns a set transformed by appling f to each element of s" time="0.005">
                                                 
                                               </testcase><testcase classname="funsets.FunSetSuite" name="forall returns whether all bounded ints within s satisfy p" time="0.005">
                                                 
                                               </testcase><testcase classname="funsets.FunSetSuite" name="intersect contains intersects of each set" time="0.002">
                                                 
                                               </testcase><testcase classname="funsets.FunSetSuite" name="singleton set one contains one" time="0.001">
                                                 
                                               </testcase><testcase classname="funsets.FunSetSuite" name="exists returns whether there exists a bounded integer within s that satisfies p" time="0.001">
                                                 
                                               </testcase><testcase classname="funsets.FunSetSuite" name="union contains all elements of each set" time="0.001">
                                                 
                                               </testcase><testcase classname="funsets.FunSetSuite" name="diff returns all elements of first set that are not in second set" time="0.004">
                                                 
                                               </testcase><testcase classname="funsets.FunSetSuite" name="contains is implemented" time="0.001">
                                                 
                                               </testcase>
                     <system-out><![CDATA[]]></system-out>
                     <system-err><![CDATA[]]></system-err>
                   </testsuite>